<?xml version="1.0" encoding="UTF-8"?>
<testng-results skipped="0" failed="0" ignored="0" total="0" passed="0">
  <reporter-output>
  </reporter-output>
  <suite name="com.DropBox.Task.AppTest" duration-ms="10" started-at="2018-08-31T14:57:18Z" finished-at="2018-08-31T14:57:18Z">
    <groups>
    </groups>
    <test name="Command line test" duration-ms="10" started-at="2018-08-31T14:57:18Z" finished-at="2018-08-31T14:57:18Z">
    </test> <!-- Command line test -->
  </suite> <!-- com.DropBox.Task.AppTest -->
</testng-results>
