<?xml version="1.0" encoding="UTF-8"?>
<testng-results skipped="0" failed="0" ignored="0" total="1" passed="1">
  <reporter-output>
  </reporter-output>
  <suite name="Default suite" duration-ms="3942" started-at="2018-09-05T12:57:47Z" finished-at="2018-09-05T12:57:51Z">
    <groups>
    </groups>
    <test name="Default test" duration-ms="3942" started-at="2018-09-05T12:57:47Z" finished-at="2018-09-05T12:57:51Z">
      <class name="com.OptileTaskTestNg.Testng">
        <test-method status="PASS" signature="beforeClass()[pri:0, instance:com.OptileTaskTestNg.Testng@a38d7a3]" name="beforeClass" is-config="true" duration-ms="2764" started-at="2018-09-05T12:57:47Z" finished-at="2018-09-05T12:57:50Z">
          <reporter-output>
          </reporter-output>
        </test-method> <!-- beforeClass -->
        <test-method status="PASS" signature="f()[pri:0, instance:com.OptileTaskTestNg.Testng@a38d7a3]" name="f" duration-ms="5" started-at="2018-09-05T12:57:50Z" finished-at="2018-09-05T12:57:50Z">
          <reporter-output>
          </reporter-output>
        </test-method> <!-- f -->
        <test-method status="PASS" signature="afterClass()[pri:0, instance:com.OptileTaskTestNg.Testng@a38d7a3]" name="afterClass" is-config="true" duration-ms="1157" started-at="2018-09-05T12:57:50Z" finished-at="2018-09-05T12:57:51Z">
          <reporter-output>
          </reporter-output>
        </test-method> <!-- afterClass -->
      </class> <!-- com.OptileTaskTestNg.Testng -->
    </test> <!-- Default test -->
  </suite> <!-- Default suite -->
</testng-results>
